<?xml version="1.0" encoding="UTF-8"?>
<!-- Generated by org.testng.reporters.JUnitXMLReporter -->
<testsuite ignored="0" hostname="Phantom" failures="1" tests="16" name="Default test" time="28.368" errors="0" timestamp="2023-05-08T19:37:40 CDT">
  <testcase classname="testLayer.SignUpTest" name="TC10_valid_password_of_6_characters" time="0.177"/>
  <testcase classname="testLayer.SignUpTest" name="TC11_valid_password_more_than_6_characters" time="0.148"/>
  <testcase classname="testLayer.SignUpTest" name="TC12_same_password_in_password_again_field" time="0.22"/>
  <testcase classname="testLayer.SignUpTest" name="TC13_different_password_in_password_again_field" time="0.23"/>
  <testcase classname="testLayer.SignUpTest" name="TC14_all_valid_information_new_account" time="0.927"/>
  <testcase classname="testLayer.SignUpTest" name="TC15_all_valid_information_existing_account" time="1.135"/>
  <testcase classname="testLayer.SignUpTest" name="TC1_valid_name" time="0.126"/>
  <testcase classname="testLayer.SignUpTest" name="TC2_empty_your_name_field" time="0.112"/>
  <testcase classname="testLayer.SignUpTest" name="TC3_valid_mobile_number" time="0.244"/>
  <testcase classname="testLayer.SignUpTest" name="TC4_invalid_mobile_number" time="0.24"/>
  <testcase classname="testLayer.SignUpTest" name="TC5_partial_mobile_number" time="0.125">
    <failure type="java.lang.AssertionError" message="expected [Verify mobile number] but found [Continue]">
      <![CDATA[java.lang.AssertionError: expected [Verify mobile number] but found [Continue]
at org.testng.Assert.fail(Assert.java:99)
at org.testng.Assert.failNotEquals(Assert.java:1037)
at org.testng.Assert.assertEqualsImpl(Assert.java:140)
at org.testng.Assert.assertEquals(Assert.java:122)
at org.testng.Assert.assertEquals(Assert.java:629)
at org.testng.Assert.assertEquals(Assert.java:639)
at testLayer.SignUpTest.TC5_partial_mobile_number(SignUpTest.java:63)
at java.base/jdk.internal.reflect.DirectMethodHandleAccessor.invoke(DirectMethodHandleAccessor.java:104)
at java.base/java.lang.reflect.Method.invoke(Method.java:578)
at org.testng.internal.MethodInvocationHelper.invokeMethod(MethodInvocationHelper.java:133)
at org.testng.internal.TestInvoker.invokeMethod(TestInvoker.java:598)
at org.testng.internal.TestInvoker.invokeTestMethod(TestInvoker.java:173)
at org.testng.internal.MethodRunner.runInSequence(MethodRunner.java:46)
at org.testng.internal.TestInvoker$MethodInvocationAgent.invoke(TestInvoker.java:824)
at org.testng.internal.TestInvoker.invokeTestMethods(TestInvoker.java:146)
at org.testng.internal.TestMethodWorker.invokeTestMethods(TestMethodWorker.java:146)
at org.testng.internal.TestMethodWorker.run(TestMethodWorker.java:128)
at java.base/java.util.ArrayList.forEach(ArrayList.java:1511)
at org.testng.TestRunner.privateRun(TestRunner.java:794)
at org.testng.TestRunner.run(TestRunner.java:596)
at org.testng.SuiteRunner.runTest(SuiteRunner.java:377)
at org.testng.SuiteRunner.runSequentially(SuiteRunner.java:371)
at org.testng.SuiteRunner.privateRun(SuiteRunner.java:332)
at org.testng.SuiteRunner.run(SuiteRunner.java:276)
at org.testng.SuiteRunnerWorker.runSuite(SuiteRunnerWorker.java:53)
at org.testng.SuiteRunnerWorker.run(SuiteRunnerWorker.java:96)
at org.testng.TestNG.runSuitesSequentially(TestNG.java:1212)
at org.testng.TestNG.runSuitesLocally(TestNG.java:1134)
at org.testng.TestNG.runSuites(TestNG.java:1063)
at org.testng.TestNG.run(TestNG.java:1031)
at org.testng.remote.AbstractRemoteTestNG.run(AbstractRemoteTestNG.java:115)
at org.testng.remote.RemoteTestNG.initAndRun(RemoteTestNG.java:251)
at org.testng.remote.RemoteTestNG.main(RemoteTestNG.java:77)
]]>
    </failure>
  </testcase> <!-- TC5_partial_mobile_number -->
  <testcase classname="testLayer.SignUpTest" name="TC6_empty_mobile_number_field" time="0.092"/>
  <testcase classname="testLayer.SignUpTest" name="TC7_valid_email" time="0.248"/>
  <testcase classname="testLayer.SignUpTest" name="TC8_invalid_email" time="0.242"/>
  <testcase classname="testLayer.SignUpTest" name="TC9_invalid_password_less_than_6_characters" time="0.141"/>
  <testcase classname="testLayer.SignUpTest" name="TitleCheck" time="0.004"/>
</testsuite> <!-- Default test -->
